<?xml version="1.0" encoding="UTF-8"?>
<!-- Generated by org.testng.reporters.JUnitReportReporter -->
<testsuite hostname="SaiBhaskar-PC" failures="0" tests="3" name="verifyLoginSection.Guru99BankTest" time="19.175" errors="0" timestamp="2020-10-30T10:31:16 GMT" skipped="0">
  <testcase classname="verifyLoginSection.Guru99BankTest" name="launchBrowser" time="12.747"/>
  <system-out/>
  <testcase classname="verifyLoginSection.Guru99BankTest" name="enterVaildUserDetails" time="6.363"/>
  <system-out/>
  <testcase classname="verifyLoginSection.Guru99BankTest" name="verifyTitle" time="0.065"/>
  <system-out/>
</testsuite> <!-- verifyLoginSection.Guru99BankTest -->
